This is pdfTeX, Version 3.14159265-2.6-1.40.17 (TeX Live 2016) (preloaded format=pdflatex 2016.9.1)  25 SEP 2016 10:23
entering extended mode
 restricted \write18 enabled.
 %&-line parsing enabled.
**songs.dtx
(./songs.dtx
LaTeX2e <2016/03/31> patch level 3
Babel <3.9r> and hyphenation patterns for 83 language(s) loaded.
File: songs.dtx 2015/08/18 v2.18 Songs package
(/usr/local/texlive/2016/texmf-dist/tex/latex/base/ltxdoc.cls
Document Class: ltxdoc 2015/03/26 v2.0w Standard LaTeX documentation class
(/usr/local/texlive/2016/texmf-dist/tex/latex/base/article.cls
Document Class: article 2014/09/29 v1.4h Standard LaTeX document class
(/usr/local/texlive/2016/texmf-dist/tex/latex/base/size10.clo
File: size10.clo 2014/09/29 v1.4h Standard LaTeX file (size option)
)
\c@part=\count79
\c@section=\count80
\c@subsection=\count81
\c@subsubsection=\count82
\c@paragraph=\count83
\c@subparagraph=\count84
\c@figure=\count85
\c@table=\count86
\abovecaptionskip=\skip41
\belowcaptionskip=\skip42
\bibindent=\dimen102
)
(/usr/local/texlive/2016/texmf-dist/tex/latex/base/doc.sty
Package: doc 2016/02/15 v2.1g Standard LaTeX documentation package (FMi)
\c@StandardModuleDepth=\count87
\guard@level=\count88
\MacrocodeTopsep=\skip43
\MacroIndent=\dimen103
\macro@cnt=\count89
\MacroTopsep=\skip44
\index@excludelist=\toks14

(/usr/local/texlive/2016/texmf-dist/tex/latex/tools/multicol.sty
Package: multicol 2016/04/07 v1.8p multicolumn formatting (FMi)
\c@tracingmulticols=\count90
\mult@box=\box26
\multicol@leftmargin=\dimen104
\c@unbalance=\count91
\c@collectmore=\count92
\doublecol@number=\count93
\multicoltolerance=\count94
\multicolpretolerance=\count95
\full@width=\dimen105
\page@free=\dimen106
\premulticols=\dimen107
\postmulticols=\dimen108
\multicolsep=\skip45
\multicolbaselineskip=\skip46
\partial@page=\box27
\last@line=\box28
\maxbalancingoverflow=\dimen109
\mult@rightbox=\box29
\mult@grightbox=\box30
\mult@gfirstbox=\box31
\mult@firstbox=\box32
\@tempa=\box33
\@tempa=\box34
\@tempa=\box35
\@tempa=\box36
\@tempa=\box37
\@tempa=\box38
\@tempa=\box39
\@tempa=\box40
\@tempa=\box41
\@tempa=\box42
\@tempa=\box43
\@tempa=\box44
\@tempa=\box45
\@tempa=\box46
\@tempa=\box47
\@tempa=\box48
\@tempa=\box49
\c@columnbadness=\count96
\c@finalcolumnbadness=\count97
\last@try=\dimen110
\multicolovershoot=\dimen111
\multicolundershoot=\dimen112
\mult@nat@firstbox=\box50
\colbreak@box=\box51
\mc@col@check@num=\count98
)
\IndexMin=\dimen113
\c@IndexColumns=\count99
\GlossaryMin=\dimen114
\c@GlossaryColumns=\count100
\check@sum=\count101
\bslash@cnt=\count102
\wrong@table=\toks15
\c@CodelineNo=\count103
))
(/usr/local/texlive/2016/texmf-dist/tex/latex/microtype/microtype.sty
Package: microtype 2016/05/14 v2.6a Micro-typographical refinements (RS)

(/usr/local/texlive/2016/texmf-dist/tex/latex/graphics/keyval.sty
Package: keyval 2014/10/28 v1.15 key=value parser (DPC)
\KV@toks@=\toks16
)
\MT@toks=\toks17
\MT@count=\count104
LaTeX Info: Redefining \textls on input line 774.
\MT@outer@kern=\dimen115
LaTeX Info: Redefining \textmicrotypecontext on input line 1310.
\MT@listname@count=\count105

(/usr/local/texlive/2016/texmf-dist/tex/latex/microtype/microtype-pdftex.def
File: microtype-pdftex.def 2016/05/14 v2.6a Definitions specific to pdftex (RS)

LaTeX Info: Redefining \lsstyle on input line 916.
LaTeX Info: Redefining \lslig on input line 916.
\MT@outer@space=\skip47
)
Package microtype Info: Loading configuration file microtype.cfg.

(/usr/local/texlive/2016/texmf-dist/tex/latex/microtype/microtype.cfg
File: microtype.cfg 2016/05/14 v2.6a microtype main configuration file (RS)
))
(/usr/local/texlive/2016/texmf-dist/tex/latex/lm/lmodern.sty
Package: lmodern 2009/10/30 v1.6 Latin Modern Fonts
LaTeX Font Info:    Overwriting symbol font `operators' in version `normal'
(Font)                  OT1/cmr/m/n --> OT1/lmr/m/n on input line 22.
LaTeX Font Info:    Overwriting symbol font `letters' in version `normal'
(Font)                  OML/cmm/m/it --> OML/lmm/m/it on input line 23.
LaTeX Font Info:    Overwriting symbol font `symbols' in version `normal'
(Font)                  OMS/cmsy/m/n --> OMS/lmsy/m/n on input line 24.
LaTeX Font Info:    Overwriting symbol font `largesymbols' in version `normal'
(Font)                  OMX/cmex/m/n --> OMX/lmex/m/n on input line 25.
LaTeX Font Info:    Overwriting symbol font `operators' in version `bold'
(Font)                  OT1/cmr/bx/n --> OT1/lmr/bx/n on input line 26.
LaTeX Font Info:    Overwriting symbol font `letters' in version `bold'
(Font)                  OML/cmm/b/it --> OML/lmm/b/it on input line 27.
LaTeX Font Info:    Overwriting symbol font `symbols' in version `bold'
(Font)                  OMS/cmsy/b/n --> OMS/lmsy/b/n on input line 28.
LaTeX Font Info:    Overwriting symbol font `largesymbols' in version `bold'
(Font)                  OMX/cmex/m/n --> OMX/lmex/m/n on input line 29.
LaTeX Font Info:    Overwriting math alphabet `\mathbf' in version `normal'
(Font)                  OT1/cmr/bx/n --> OT1/lmr/bx/n on input line 31.
LaTeX Font Info:    Overwriting math alphabet `\mathsf' in version `normal'
(Font)                  OT1/cmss/m/n --> OT1/lmss/m/n on input line 32.
LaTeX Font Info:    Overwriting math alphabet `\mathit' in version `normal'
(Font)                  OT1/cmr/m/it --> OT1/lmr/m/it on input line 33.
LaTeX Font Info:    Overwriting math alphabet `\mathtt' in version `normal'
(Font)                  OT1/cmtt/m/n --> OT1/lmtt/m/n on input line 34.
LaTeX Font Info:    Overwriting math alphabet `\mathbf' in version `bold'
(Font)                  OT1/cmr/bx/n --> OT1/lmr/bx/n on input line 35.
LaTeX Font Info:    Overwriting math alphabet `\mathsf' in version `bold'
(Font)                  OT1/cmss/bx/n --> OT1/lmss/bx/n on input line 36.
LaTeX Font Info:    Overwriting math alphabet `\mathit' in version `bold'
(Font)                  OT1/cmr/bx/it --> OT1/lmr/bx/it on input line 37.
LaTeX Font Info:    Overwriting math alphabet `\mathtt' in version `bold'
(Font)                  OT1/cmtt/m/n --> OT1/lmtt/m/n on input line 38.
)
(/usr/local/texlive/2016/texmf-dist/tex/latex/base/fontenc.sty
Package: fontenc 2016/06/19 v1.99m Standard LaTeX package

(/usr/local/texlive/2016/texmf-dist/tex/latex/base/t1enc.def
File: t1enc.def 2016/06/19 v1.99m Standard LaTeX file
LaTeX Font Info:    Redeclaring font encoding T1 on input line 48.
))
(/usr/local/texlive/2016/texmf-dist/tex/generic/oberdiek/ifpdf.sty
Package: ifpdf 2016/05/14 v3.1 Provides the ifpdf switch
)
(/usr/local/texlive/2016/texmf-dist/tex/latex/graphics/color.sty
Package: color 2016/07/10 v1.1e Standard LaTeX Color (DPC)

(/usr/local/texlive/2016/texmf-dist/tex/latex/graphics-cfg/color.cfg
File: color.cfg 2016/01/02 v1.6 sample color configuration
)
Package color Info: Driver file: pdftex.def on input line 147.

(/usr/local/texlive/2016/texmf-dist/tex/latex/graphics-def/pdftex.def
File: pdftex.def 2016/07/10 v0.06j Graphics/color for pdfTeX

(/usr/local/texlive/2016/texmf-dist/tex/generic/oberdiek/infwarerr.sty
Package: infwarerr 2016/05/16 v1.4 Providing info/warning/error messages (HO)
)
(/usr/local/texlive/2016/texmf-dist/tex/generic/oberdiek/ltxcmds.sty
Package: ltxcmds 2016/05/16 v1.23 LaTeX kernel commands for general use (HO)
)
\Gread@gobject=\count106
))
(/usr/local/texlive/2016/texmf-dist/tex/latex/hyperref/hyperref.sty
Package: hyperref 2016/06/24 v6.83q Hypertext links for LaTeX

(/usr/local/texlive/2016/texmf-dist/tex/generic/oberdiek/hobsub-hyperref.sty
Package: hobsub-hyperref 2016/05/16 v1.14 Bundle oberdiek, subset hyperref (HO)


(/usr/local/texlive/2016/texmf-dist/tex/generic/oberdiek/hobsub-generic.sty
Package: hobsub-generic 2016/05/16 v1.14 Bundle oberdiek, subset generic (HO)
Package: hobsub 2016/05/16 v1.14 Construct package bundles (HO)
Package hobsub Info: Skipping package `infwarerr' (already loaded).
Package hobsub Info: Skipping package `ltxcmds' (already loaded).
Package: ifluatex 2016/05/16 v1.4 Provides the ifluatex switch (HO)
Package ifluatex Info: LuaTeX not detected.
Package: ifvtex 2016/05/16 v1.6 Detect VTeX and its facilities (HO)
Package ifvtex Info: VTeX not detected.
Package: intcalc 2016/05/16 v1.2 Expandable calculations with integers (HO)
Package hobsub Info: Skipping package `ifpdf' (already loaded).
Package: etexcmds 2016/05/16 v1.6 Avoid name clashes with e-TeX commands (HO)
Package etexcmds Info: Could not find \expanded.
(etexcmds)             That can mean that you are not using pdfTeX 1.50 or
(etexcmds)             that some package has redefined \expanded.
(etexcmds)             In the latter case, load this package earlier.
Package: kvsetkeys 2016/05/16 v1.17 Key value parser (HO)
Package: kvdefinekeys 2016/05/16 v1.4 Define keys (HO)
Package: pdftexcmds 2016/05/21 v0.22 Utility functions of pdfTeX for LuaTeX (HO
)
Package pdftexcmds Info: LuaTeX not detected.
Package pdftexcmds Info: \pdf@primitive is available.
Package pdftexcmds Info: \pdf@ifprimitive is available.
Package pdftexcmds Info: \pdfdraftmode found.
Package: pdfescape 2016/05/16 v1.14 Implements pdfTeX's escape features (HO)
Package: bigintcalc 2016/05/16 v1.4 Expandable calculations on big integers (HO
)
Package: bitset 2016/05/16 v1.2 Handle bit-vector datatype (HO)
Package: uniquecounter 2016/05/16 v1.3 Provide unlimited unique counter (HO)
)
Package hobsub Info: Skipping package `hobsub' (already loaded).
Package: letltxmacro 2016/05/16 v1.5 Let assignment for LaTeX macros (HO)
Package: hopatch 2016/05/16 v1.3 Wrapper for package hooks (HO)
Package: xcolor-patch 2016/05/16 xcolor patch
Package: atveryend 2016/05/16 v1.9 Hooks at the very end of document (HO)
Package atveryend Info: \enddocument detected (standard20110627).
Package: atbegshi 2016/06/09 v1.18 At begin shipout hook (HO)
Package: refcount 2016/05/16 v3.5 Data extraction from label references (HO)
Package: hycolor 2016/05/16 v1.8 Color options for hyperref/bookmark (HO)
)
(/usr/local/texlive/2016/texmf-dist/tex/generic/ifxetex/ifxetex.sty
Package: ifxetex 2010/09/12 v0.6 Provides ifxetex conditional
)
(/usr/local/texlive/2016/texmf-dist/tex/latex/oberdiek/auxhook.sty
Package: auxhook 2016/05/16 v1.4 Hooks for auxiliary files (HO)
)
(/usr/local/texlive/2016/texmf-dist/tex/latex/oberdiek/kvoptions.sty
Package: kvoptions 2016/05/16 v3.12 Key value format for package options (HO)
)
\@linkdim=\dimen116
\Hy@linkcounter=\count107
\Hy@pagecounter=\count108

(/usr/local/texlive/2016/texmf-dist/tex/latex/hyperref/pd1enc.def
File: pd1enc.def 2016/06/24 v6.83q Hyperref: PDFDocEncoding definition (HO)
)
\Hy@SavedSpaceFactor=\count109

(/usr/local/texlive/2016/texmf-dist/tex/latex/latexconfig/hyperref.cfg
File: hyperref.cfg 2002/06/06 v1.2 hyperref configuration of TeXLive
)
Package hyperref Info: Option `bookmarks' set `true' on input line 4362.
Package hyperref Info: Hyper figures OFF on input line 4486.
Package hyperref Info: Link nesting OFF on input line 4491.
Package hyperref Info: Hyper index ON on input line 4494.
Package hyperref Info: Plain pages OFF on input line 4501.
Package hyperref Info: Backreferencing OFF on input line 4506.
Package hyperref Info: Implicit mode ON; LaTeX internals redefined.
Package hyperref Info: Bookmarks ON on input line 4735.
\c@Hy@tempcnt=\count110

(/usr/local/texlive/2016/texmf-dist/tex/latex/url/url.sty
\Urlmuskip=\muskip10
Package: url 2013/09/16  ver 3.4  Verb mode for urls, etc.
)
LaTeX Info: Redefining \url on input line 5088.
\XeTeXLinkMargin=\dimen117
\Fld@menulength=\count111
\Field@Width=\dimen118
\Fld@charsize=\dimen119
Package hyperref Info: Hyper figures OFF on input line 6342.
Package hyperref Info: Link nesting OFF on input line 6347.
Package hyperref Info: Hyper index ON on input line 6350.
Package hyperref Info: backreferencing OFF on input line 6357.
Package hyperref Info: Link coloring OFF on input line 6362.
Package hyperref Info: Link coloring with OCG OFF on input line 6367.
Package hyperref Info: PDF/A mode OFF on input line 6372.
LaTeX Info: Redefining \ref on input line 6412.
LaTeX Info: Redefining \pageref on input line 6416.
\Hy@abspage=\count112
\c@Item=\count113
\c@Hfootnote=\count114
)

Package hyperref Message: Driver (autodetected): hpdftex.

(/usr/local/texlive/2016/texmf-dist/tex/latex/hyperref/hpdftex.def
File: hpdftex.def 2016/06/24 v6.83q Hyperref driver for pdfTeX
\Fld@listcount=\count115
\c@bookmark@seq@number=\count116

(/usr/local/texlive/2016/texmf-dist/tex/latex/oberdiek/rerunfilecheck.sty
Package: rerunfilecheck 2016/05/16 v1.8 Rerun checks for auxiliary files (HO)
Package uniquecounter Info: New unique counter `rerunfilecheck' on input line 2
82.
)
\Hy@SectionHShift=\skip48
)
(./songs.sty
Package: songs 2015/08/18 v2.18 Songs package
\SB@dimen=\dimen120
\SB@dimenii=\dimen121
\SB@dimeniii=\dimen122
\SB@dimeniv=\dimen123
\SB@box=\box52
\SB@boxii=\box53
\SB@boxiii=\box54
\SB@toks=\toks18
\SB@cnt=\count117
\SB@cntii=\count118
\SB@skip=\skip49
\SB@envbox=\box55
\c@songnum=\count119
\c@versenum=\count120
\versesep=\skip50
\afterpreludeskip=\skip51
\beforepostludeskip=\skip52
\baselineadj=\skip53
\idxheadwidth=\skip54
\songnumwidth=\skip55
LaTeX Font Info:    Try loading font information for T1+lmss on input line 139.

 (/usr/local/texlive/2016/texmf-dist/tex/latex/lm/t1lmss.fd
File: t1lmss.fd 2009/10/30 v1.6 Font defs for Latin Modern
)
\versenumwidth=\skip56
LaTeX Font Info:    Try loading font information for T1+lmr on input line 141.

(/usr/local/texlive/2016/texmf-dist/tex/latex/lm/t1lmr.fd
File: t1lmr.fd 2009/10/30 v1.6 Font defs for Latin Modern
)
\cbarwidth=\skip57
\sbarheight=\skip58
\vvpenalty=\count121
\ccpenalty=\count122
\vcpenalty=\count123
\cvpenalty=\count124
\brkpenalty=\count125
\spenalty=\count126
\minfrets=\count127
\SB@colwidth=\dimen124
\SB@songbox=\box56
\SB@numcols=\count128
\SB@colnum=\count129
\SB@colbox=\box57
\SB@pgbox=\box58
\SB@mrkbox=\box59
\SB@groupcnt=\count130
\SB@titlelist=\toks19
\SB@titletail=\toks20
\SB@parindent=\dimen125
\SB@chorusbox=\box60
\SB@cmarkclass=\marks1
\SB@nocmarkclass=\marks2
\SB@grouplvl=\count131
\SB@transposefactor=\count132
\SB@lyric=\toks21
\SB@numhyps=\count133
\SB@lyricnohyp=\toks22
\SB@lyricbox=\box61
\SB@chordbox=\box62
\SB@cr@=\toks23
\SB@ctail=\toks24
\SB@fretwidth=\skip59
\SB@tabindent=\dimen126
\c@SB@songsnum=\count134
\SB@songwrites=\box63
LaTeX Font Info:    Try loading font information for OT1+lmr on input line 3698
.

(/usr/local/texlive/2016/texmf-dist/tex/latex/lm/ot1lmr.fd
File: ot1lmr.fd 2009/10/30 v1.6 Font defs for Latin Modern
)
LaTeX Font Info:    Try loading font information for OML+lmm on input line 3698
.

(/usr/local/texlive/2016/texmf-dist/tex/latex/lm/omllmm.fd
File: omllmm.fd 2009/10/30 v1.6 Font defs for Latin Modern
)
LaTeX Font Info:    Try loading font information for OMS+lmsy on input line 369
8.

(/usr/local/texlive/2016/texmf-dist/tex/latex/lm/omslmsy.fd
File: omslmsy.fd 2009/10/30 v1.6 Font defs for Latin Modern
)
LaTeX Font Info:    Try loading font information for OMX+lmex on input line 369
8.

(/usr/local/texlive/2016/texmf-dist/tex/latex/lm/omxlmex.fd
File: omxlmex.fd 2009/10/30 v1.6 Font defs for Latin Modern
)
LaTeX Font Info:    External font `lmex10' loaded for size
(Font)              <12> on input line 3698.
LaTeX Font Info:    External font `lmex10' loaded for size
(Font)              <8> on input line 3698.
LaTeX Font Info:    External font `lmex10' loaded for size
(Font)              <6> on input line 3698.
LaTeX Font Info:    External font `lmex10' loaded for size
(Font)              <10.95> on input line 3698.
)
\@indexfile=\write3
\openout3 = `songs.idx'.


Writing index file songs.idx
\@glossaryfile=\write4
\openout4 = `songs.glo'.

Writing glossary file songs.glo 
\imode=\count135


\msize=\dimen127
\prodlen=\skip60
\prodbox=\box64
\vcbox=\box65
\vcadjust=\dimen128
\seclevel=\count136
\cnta=\count137
\cntb=\count138
(./songs.aux)
\openout1 = `songs.aux'.

LaTeX Font Info:    Checking defaults for OML/cmm/m/it on input line 380.
LaTeX Font Info:    ... okay on input line 380.
LaTeX Font Info:    Checking defaults for T1/cmr/m/n on input line 380.
LaTeX Font Info:    ... okay on input line 380.
LaTeX Font Info:    Checking defaults for OT1/cmr/m/n on input line 380.
LaTeX Font Info:    ... okay on input line 380.
LaTeX Font Info:    Checking defaults for OMS/cmsy/m/n on input line 380.
LaTeX Font Info:    ... okay on input line 380.
LaTeX Font Info:    Checking defaults for OMX/cmex/m/n on input line 380.
LaTeX Font Info:    ... okay on input line 380.
LaTeX Font Info:    Checking defaults for U/cmr/m/n on input line 380.
LaTeX Font Info:    ... okay on input line 380.
LaTeX Font Info:    Checking defaults for PD1/pdf/m/n on input line 380.
LaTeX Font Info:    ... okay on input line 380.
Package doc Info: Made | a short reference for \verb on input line 380.
LaTeX Info: Redefining \microtypecontext on input line 380.
Package microtype Info: Generating PDF output.
Package microtype Info: Character protrusion enabled (level 2).
Package microtype Info: Using default protrusion set `alltext'.
Package microtype Info: Automatic font expansion enabled (level 2),
(microtype)             stretch: 20, shrink: 20, step: 1, non-selected.
Package microtype Info: Using default expansion set `basictext'.
Package microtype Info: No adjustment of tracking.
Package microtype Info: No adjustment of interword spacing.
Package microtype Info: No adjustment of character kerning.

(/usr/local/texlive/2016/texmf-dist/tex/latex/microtype/mt-cmr.cfg
File: mt-cmr.cfg 2013/05/19 v2.2 microtype config. file: Computer Modern Roman 
(RS)
)
(/usr/local/texlive/2016/texmf-dist/tex/context/base/mkii/supp-pdf.mkii
[Loading MPS to PDF converter (version 2006.09.02).]
\scratchcounter=\count139
\scratchdimen=\dimen129
\scratchbox=\box66
\nofMPsegments=\count140
\nofMParguments=\count141
\everyMPshowfont=\toks25
\MPscratchCnt=\count142
\MPscratchDim=\dimen130
\MPnumerator=\count143
\makeMPintoPDFobject=\count144
\everyMPtoPDFconversion=\toks26
)
\AtBeginShipoutBox=\box67
Package hyperref Info: Link coloring OFF on input line 380.
 (/usr/local/texlive/2016/texmf-dist/tex/latex/hyperref/nameref.sty
Package: nameref 2016/05/21 v2.44 Cross-referencing by name of section

(/usr/local/texlive/2016/texmf-dist/tex/generic/oberdiek/gettitlestring.sty
Package: gettitlestring 2016/05/16 v1.5 Cleanup title references (HO)
)
\c@section@level=\count145
)
LaTeX Info: Redefining \ref on input line 380.
LaTeX Info: Redefining \pageref on input line 380.
LaTeX Info: Redefining \nameref on input line 380.

(./songs.out) (./songs.out)
\@outlinefile=\write5
\openout5 = `songs.out'.

Package microtype Info: Loading generic settings for font family
(microtype)             `lmss' (encoding: T1).
(microtype)             For optimal results, create family-specific settings.
(microtype)             See the microtype manual for details.
 (./songs.dtx
***************************
* Character table correct *
***************************
LaTeX Font Info:    External font `lmex10' loaded for size
(Font)              <17.28> on input line 436.
LaTeX Font Info:    External font `lmex10' loaded for size
(Font)              <10> on input line 436.
LaTeX Font Info:    External font `lmex10' loaded for size
(Font)              <5> on input line 436.
LaTeX Font Info:    Try loading font information for OMS+lmr on input line 436.

(/usr/local/texlive/2016/texmf-dist/tex/latex/lm/omslmr.fd
File: omslmr.fd 2009/10/30 v1.6 Font defs for Latin Modern
)
LaTeX Font Info:    Font shape `OMS/lmr/m/n' in size <8> not available
(Font)              Font shape `OMS/lmsy/m/n' tried instead on input line 436.
LaTeX Font Info:    External font `lmex10' loaded for size
(Font)              <9> on input line 441.
LaTeX Font Info:    External font `lmex10' loaded for size
(Font)              <7> on input line 449.
Package microtype Info: Character `029' is missing
(microtype)             in font `T1/lmr/m/sc/10'.
(microtype)             Ignoring protrusion settings for this character.
 [1

{/usr/local/texlive/2016/texmf-var/fonts/map/pdftex/updmap/pdftex.map}]
LaTeX Font Info:    Font shape `OMS/lmr/m/n' in size <10> not available
(Font)              Font shape `OMS/lmsy/m/n' tried instead on input line 488.
LaTeX Font Info:    Try loading font information for T1+lmtt on input line 493.


(/usr/local/texlive/2016/texmf-dist/tex/latex/lm/t1lmtt.fd
File: t1lmtt.fd 2009/10/30 v1.6 Font defs for Latin Modern
)
Package microtype Info: Loading generic settings for font family
(microtype)             `lmtt' (encoding: T1).
(microtype)             For optimal results, create family-specific settings.
(microtype)             See the microtype manual for details.
LaTeX Font Info:    Try loading font information for OT1+pzc on input line 574.


(/usr/local/texlive/2016/texmf-dist/tex/latex/psnfss/ot1pzc.fd
File: ot1pzc.fd 2001/06/04 font definitions for OT1/pzc.
)
Package microtype Info: Loading generic settings for font family
(microtype)             `pzc' (encoding: OT1).
(microtype)             For optimal results, create family-specific settings.
(microtype)             See the microtype manual for details.
 [2] [3]
[4] [5]
LaTeX Font Info:    Font shape `OMS/lmr/m/n' in size <5> not available
(Font)              Font shape `OMS/lmsy/m/n' tried instead on input line 836.
 [6] [7] [8] [9] [10] [11] [12] [13]
Package microtype Info: Loading generic settings for font family
(microtype)             `cmss' (encoding: OT1).
(microtype)             For optimal results, create family-specific settings.
(microtype)             See the microtype manual for details.
 [14] [15] [16] [17] [18] [19]
[20] [21] [22] [23] [24] [25] [26] [27] [28] [29] [30]
\oldbaselineskip=\skip61
\oldlineskip=\skip62
\oldlineskiplimit=\dimen131
 [31] [32] [33] [34]
[35] [36] [37] [38] [39] [40] [41] [42] [43]
Package microtype Info: Character `029' is missing
(microtype)             in font `T1/lmr/m/sc/12'.
(microtype)             Ignoring protrusion settings for this character.
 [44] [45] [46]
Package microtype Info: Character `029' is missing
(microtype)             in font `T1/lmr/m/sc/9'.
(microtype)             Ignoring protrusion settings for this character.
 [47] [48

] [49]
[50] [51] [52] [53] [54] [55] [56] [57] [58] [59] [60] [61] [62] [63] [64]
[65] [66] [67] [68] [69] [70] [71] [72] [73] [74] [75] [76] [77] [78] [79]
[80] [81] [82] [83] [84] [85] [86] [87] [88] [89] [90] [91] [92] [93] [94]
[95] [96] [97] [98] [99] [100] [101] [102] [103] [104] [105] [106] [107]
[108] [109] [110] [111] [112] [113] [114] [115] [116] [117] [118] [119]
[120] [121] [122] [123] [124] [125] [126] [127] [128] [129] [130] [131]
[132] [133] [134] [135] [136] [137] [138] [139] [140] [141] [142] [143]
[144] [145] [146] [147] [148] [149] [150] [151] [152] [153] [154] [155]
[156] [157] [158] [159] [160] [161] [162] [163] [164] [165] [166] (./songs.ind
[167] [168] [169] [170] [171] [172] [173] [174] [175] [176] [177] [178])
*******************
* Checksum passed *
*******************
)
Package atveryend Info: Empty hook `BeforeClearDocument' on input line 382.
 [179]
Package atveryend Info: Empty hook `AfterLastShipout' on input line 382.
 (./songs.aux)
Package atveryend Info: Executing hook `AtVeryEndDocument' on input line 382.
Package atveryend Info: Executing hook `AtEndAfterFileList' on input line 382.
Package rerunfilecheck Info: File `songs.out' has not changed.
(rerunfilecheck)             Checksum: D8DA6EE5B3DA3656C89C3B5ABFDF8232;30631.
Package atveryend Info: Empty hook `AtVeryVeryEnd' on input line 382.
 ) 
Here is how much of TeX's memory you used:
 9838 strings out of 493013
 148431 string characters out of 6133344
 300462 words of memory out of 5000000
 12021 multiletter control sequences out of 15000+600000
 154641 words of font info for 254 fonts, out of 8000000 for 9000
 1143 hyphenation exceptions out of 8191
 36i,13n,38p,262b,1030s stack positions out of 5000i,500n,10000p,200000b,80000s
{/usr/local/texlive/2016/texmf-dist/fonts/enc/dvips/lm/lm-ec.enc}{/usr/local/
texlive/2016/texmf-dist/fonts/enc/dvips/lm/lm-mathit.enc}{/usr/local/texlive/20
16/texmf-dist/fonts/enc/dvips/lm/lm-rm.enc}{/usr/local/texlive/2016/texmf-dist/
fonts/enc/dvips/lm/lm-mathsy.enc}{/usr/local/texlive/2016/texmf-dist/fonts/enc/
dvips/base/8r.enc}</usr/local/texlive/2016/texmf-dist/fonts/type1/public/amsfon
ts/cm/cmss10.pfb></usr/local/texlive/2016/texmf-dist/fonts/type1/public/amsfont
s/cm/cmsy10.pfb></usr/local/texlive/2016/texmf-dist/fonts/type1/public/amsfonts
/cm/cmsy7.pfb></usr/local/texlive/2016/texmf-dist/fonts/type1/public/lm/lmbx10.
pfb></usr/local/texlive/2016/texmf-dist/fonts/type1/public/lm/lmbx12.pfb></usr/
local/texlive/2016/texmf-dist/fonts/type1/public/lm/lmbx5.pfb></usr/local/texli
ve/2016/texmf-dist/fonts/type1/public/lm/lmbx9.pfb></usr/local/texlive/2016/tex
mf-dist/fonts/type1/public/lm/lmcsc10.pfb></usr/local/texlive/2016/texmf-dist/f
onts/type1/public/lm/lmmi10.pfb></usr/local/texlive/2016/texmf-dist/fonts/type1
/public/lm/lmmi12.pfb></usr/local/texlive/2016/texmf-dist/fonts/type1/public/lm
/lmmi9.pfb></usr/local/texlive/2016/texmf-dist/fonts/type1/public/lm/lmr10.pfb>
</usr/local/texlive/2016/texmf-dist/fonts/type1/public/lm/lmr12.pfb></usr/local
/texlive/2016/texmf-dist/fonts/type1/public/lm/lmr17.pfb></usr/local/texlive/20
16/texmf-dist/fonts/type1/public/lm/lmr5.pfb></usr/local/texlive/2016/texmf-dis
t/fonts/type1/public/lm/lmr6.pfb></usr/local/texlive/2016/texmf-dist/fonts/type
1/public/lm/lmr7.pfb></usr/local/texlive/2016/texmf-dist/fonts/type1/public/lm/
lmr8.pfb></usr/local/texlive/2016/texmf-dist/fonts/type1/public/lm/lmr9.pfb></u
sr/local/texlive/2016/texmf-dist/fonts/type1/public/lm/lmri10.pfb></usr/local/t
exlive/2016/texmf-dist/fonts/type1/public/lm/lmro10.pfb></usr/local/texlive/201
6/texmf-dist/fonts/type1/public/lm/lmro8.pfb></usr/local/texlive/2016/texmf-dis
t/fonts/type1/public/lm/lmss10.pfb></usr/local/texlive/2016/texmf-dist/fonts/ty
pe1/public/lm/lmss17.pfb></usr/local/texlive/2016/texmf-dist/fonts/type1/public
/lm/lmss8.pfb></usr/local/texlive/2016/texmf-dist/fonts/type1/public/lm/lmss9.p
fb></usr/local/texlive/2016/texmf-dist/fonts/type1/public/lm/lmssbx10.pfb></usr
/local/texlive/2016/texmf-dist/fonts/type1/public/lm/lmsso10.pfb></usr/local/te
xlive/2016/texmf-dist/fonts/type1/public/lm/lmsso12.pfb></usr/local/texlive/201
6/texmf-dist/fonts/type1/public/lm/lmsso9.pfb></usr/local/texlive/2016/texmf-di
st/fonts/type1/public/lm/lmsy10.pfb></usr/local/texlive/2016/texmf-dist/fonts/t
ype1/public/lm/lmsy5.pfb></usr/local/texlive/2016/texmf-dist/fonts/type1/public
/lm/lmsy6.pfb></usr/local/texlive/2016/texmf-dist/fonts/type1/public/lm/lmsy8.p
fb></usr/local/texlive/2016/texmf-dist/fonts/type1/public/lm/lmtt10.pfb></usr/l
ocal/texlive/2016/texmf-dist/fonts/type1/public/lm/lmtt9.pfb></usr/local/texliv
e/2016/texmf-dist/fonts/type1/public/musixtex-fonts/musix13.pfb></usr/local/tex
live/2016/texmf-dist/fonts/type1/urw/zapfchan/uzcmi8a.pfb>
Output written on songs.pdf (179 pages, 1156273 bytes).
PDF statistics:
 3443 PDF objects out of 3580 (max. 8388607)
 3192 compressed objects within 32 object streams
 902 named destinations out of 1000 (max. 500000)
 56121 words of extra memory for PDF output out of 61914 (max. 10000000)

