\BOOKMARK [1][-]{section.1}{Complete Index of Songs}{}% 1
\BOOKMARK [1][-]{section.2}{Worship Songs}{}% 2
\BOOKMARK [2][-]{song1-1.2}{1. Doxology}{section.2}% 3
\BOOKMARK [2][-]{song1-2.2}{2. And Can It Be}{section.2}% 4
\BOOKMARK [2][-]{song1-3.2}{3. My Jesus I Love Thee}{section.2}% 5
\BOOKMARK [2][-]{song1-4.2}{4. Amazing Grace}{section.2}% 6
\BOOKMARK [2][-]{song1-5.2}{5. It Is Well With My Soul}{section.2}% 7
\BOOKMARK [2][-]{song1-6.2}{6. What A Friend We Have In Jesus}{section.2}% 8
\BOOKMARK [2][-]{song1-7.2}{7. O Love That Will Not Let Me Go}{section.2}% 9
\BOOKMARK [2][-]{song1-8.2}{8. Come Thou Fount}{section.2}% 10
\BOOKMARK [2][-]{song1-9.2}{9. Holy Holy Holy}{section.2}% 11
\BOOKMARK [2][-]{song1-10.2}{10. How Great Thou Art}{section.2}% 12
\BOOKMARK [2][-]{song1-11.2}{11. Be Thou My Vision}{section.2}% 13
\BOOKMARK [2][-]{song1-12.2}{12. In The Garden}{section.2}% 14
\BOOKMARK [2][-]{song1-13.2}{13. Great Is Thy Faithfulness}{section.2}% 15
\BOOKMARK [2][-]{song1-14.2}{14. O The Deep Deep Love of Jesus}{section.2}% 16
\BOOKMARK [2][-]{song1-15.2}{15. Jesus Lover Of My Soul}{section.2}% 17
\BOOKMARK [2][-]{song1-16.2}{16. When I Survey The Wondrous Cross}{section.2}% 18
\BOOKMARK [2][-]{song1-17.2}{17. Crown Him With Many Crowns}{section.2}% 19
\BOOKMARK [2][-]{song1-18.2}{18. Fairest Lord Jesus}{section.2}% 20
\BOOKMARK [2][-]{song1-19.2}{19. Turn Your Eyes Upon Jesus}{section.2}% 21
\BOOKMARK [2][-]{song1-20.2}{20. Joyful Joyful We Adore Thee}{section.2}% 22
\BOOKMARK [2][-]{song1-21.2}{21. O For A Thousand Tongues To Sing}{section.2}% 23
\BOOKMARK [2][-]{song1-22.2}{22. All Glory, Laud, And Honor}{section.2}% 24
\BOOKMARK [2][-]{song1-23.2}{23. All Hail The Power Of Jesus Name}{section.2}% 25
\BOOKMARK [2][-]{song1-24.2}{24. Immortal Invisible}{section.2}% 26
\BOOKMARK [2][-]{song1-25.2}{25. Take My Life And Let It Be}{section.2}% 27
\BOOKMARK [2][-]{song1-26.2}{26. Christ The Lord Is Risen Today}{section.2}% 28
\BOOKMARK [2][-]{song1-27.2}{27. I Sing The Mighty Power Of God}{section.2}% 29
\BOOKMARK [2][-]{song1-28.2}{28. All Creatures Of Our God And King}{section.2}% 30
\BOOKMARK [2][-]{song1-29.2}{29. A Mighty Fortress Is Our God}{section.2}% 31
\BOOKMARK [1][-]{section.3}{Index of Authors and Composers}{}% 32
\BOOKMARK [1][-]{section.4}{Index of Scripture}{}% 33
