\BOOKMARK [1][-]{song1-1.1}{1. Doxology}{}% 1
\BOOKMARK [1][-]{song1-2.1}{2. And Can It Be}{}% 2
\BOOKMARK [1][-]{song1-3.1}{3. My Jesus I Love Thee}{}% 3
\BOOKMARK [1][-]{song1-4.1}{4. Amazing Grace}{}% 4
\BOOKMARK [1][-]{song1-5.1}{5. It Is Well With My Soul}{}% 5
\BOOKMARK [1][-]{song1-6.1}{6. What A Friend We Have In Jesus}{}% 6
\BOOKMARK [1][-]{song1-7.1}{7. O Love That Will Not Let Me Go}{}% 7
\BOOKMARK [1][-]{song1-8.1}{8. Come Thou Fount}{}% 8
\BOOKMARK [1][-]{song1-9.1}{9. Holy Holy Holy}{}% 9
\BOOKMARK [1][-]{song1-10.1}{10. How Great Thou Art}{}% 10
\BOOKMARK [1][-]{song1-11.1}{11. Be Thou My Vision}{}% 11
\BOOKMARK [1][-]{song1-12.1}{12. In The Garden}{}% 12
\BOOKMARK [1][-]{song1-13.1}{13. Great Is Thy Faithfulness}{}% 13
\BOOKMARK [1][-]{song1-14.1}{14. O The Deep Deep Love of Jesus}{}% 14
\BOOKMARK [1][-]{song1-15.1}{15. Jesus Lover Of My Soul}{}% 15
\BOOKMARK [1][-]{song1-16.1}{16. When I Survey The Wondrous Cross}{}% 16
\BOOKMARK [1][-]{song1-17.1}{17. Crown Him With Many Crowns}{}% 17
\BOOKMARK [1][-]{song1-18.1}{18. Fairest Lord Jesus}{}% 18
\BOOKMARK [1][-]{song1-19.1}{19. Turn Your Eyes Upon Jesus}{}% 19
\BOOKMARK [1][-]{song1-20.1}{20. Joyful Joyful We Adore Thee}{}% 20
\BOOKMARK [1][-]{song1-21.1}{21. O For A Thousand Tongues To Sing}{}% 21
\BOOKMARK [1][-]{song1-22.1}{22. All Glory, Laud, And Honor}{}% 22
\BOOKMARK [1][-]{song1-23.1}{23. All Hail The Power Of Jesus Name}{}% 23
\BOOKMARK [1][-]{song1-24.1}{24. Immortal Invisible}{}% 24
\BOOKMARK [1][-]{song1-25.1}{25. Take My Life And Let It Be}{}% 25
\BOOKMARK [1][-]{song1-26.1}{26. Christ The Lord Is Risen Today}{}% 26
\BOOKMARK [1][-]{song1-27.1}{27. I Sing The Mighty Power Of God}{}% 27
\BOOKMARK [1][-]{song1-28.1}{28. All Creatures Of Our God And King}{}% 28
\BOOKMARK [1][-]{song1-29.1}{29. A Mighty Fortress Is Our God}{}% 29
