This file contains any messages produced by compilers while
running configure, to aid debugging if configure makes a mistake.

It was created by songs configure 2.18, which was
generated by GNU Autoconf 2.69.  Invocation command line was

  $ ./configure 

## --------- ##
## Platform. ##
## --------- ##

hostname = jamaaladeen-2
uname -m = x86_64
uname -r = 14.5.0
uname -s = Darwin
uname -v = Darwin Kernel Version 14.5.0: Mon Aug 29 21:14:16 PDT 2016; root:xnu-2782.50.6~1/RELEASE_X86_64

/usr/bin/uname -p = i386
/bin/uname -X     = unknown

/bin/arch              = unknown
/usr/bin/arch -k       = unknown
/usr/convex/getsysinfo = unknown
/usr/bin/hostinfo      = Mach kernel version:
	 Darwin Kernel Version 14.5.0: Mon Aug 29 21:14:16 PDT 2016; root:xnu-2782.50.6~1/RELEASE_X86_64
Kernel configured for up to 8 processors.
4 processors are physically available.
8 processors are logically available.
Processor type: x86_64h (Intel x86-64h Haswell)
Processors active: 0 1 2 3 4 5 6 7
Primary memory available: 8.00 gigabytes
Default processor set: 290 tasks, 1483 threads, 8 processors
Load average: 1.04, Mach factor: 6.94
/bin/machine           = unknown
/usr/bin/oslevel       = unknown
/bin/universe          = unknown

PATH: /usr/local/texlive/2016/bin/x86_64-darwin
PATH: /usr/local/Cellar/ruby/2.3.1/bin
PATH: /usr/local/bin
PATH: /usr/local/sbin
PATH: ~/bin
PATH: /usr/bin
PATH: /Users/mikekilmer/.rbenv/shims
PATH: /Applications/MAMP/bin/php/php5.6.2/bin
PATH: /usr/local/bin
PATH: /usr/bin
PATH: /bin
PATH: /usr/sbin
PATH: /sbin
PATH: /opt/X11/bin
PATH: /usr/local/MacGPG2/bin
PATH: /Library/TeX/texbin
PATH: /Applications/Poedit.app/Contents/MacOS
PATH: /usr/local/bin/packer_0.8.5_darwin_amd64
PATH: /Applications/MAMP/Library/bin
PATH: /Users/mikekilmer/bin
PATH: /usr/texbin


## ----------- ##
## Core tests. ##
## ----------- ##

configure:2252: checking for a BSD-compatible install
configure:2320: result: /usr/bin/install -c
configure:2331: checking whether build environment is sane
configure:2386: result: yes
configure:2537: checking for a thread-safe mkdir -p
configure:2576: result: ./install-sh -c -d
configure:2583: checking for gawk
configure:2613: result: no
configure:2583: checking for mawk
configure:2613: result: no
configure:2583: checking for nawk
configure:2613: result: no
configure:2583: checking for awk
configure:2599: found /usr/bin/awk
configure:2610: result: awk
configure:2621: checking whether make sets $(MAKE)
configure:2643: result: yes
configure:2672: checking whether make supports nested variables
configure:2689: result: yes
configure:2878: checking for gcc
configure:2894: found /usr/bin/gcc
configure:2905: result: gcc
configure:3134: checking for C compiler version
configure:3143: gcc --version >&5
Apple LLVM version 6.0 (clang-600.0.57) (based on LLVM 3.5svn)
Target: x86_64-apple-darwin14.5.0
Thread model: posix
Configured with: --prefix=/Applications/Xcode.app/Contents/Developer/usr --with-gxx-include-dir=/usr/include/c++/4.2.1
configure:3154: $? = 0
configure:3143: gcc -v >&5
Configured with: --prefix=/Applications/Xcode.app/Contents/Developer/usr --with-gxx-include-dir=/usr/include/c++/4.2.1
Apple LLVM version 6.0 (clang-600.0.57) (based on LLVM 3.5svn)
Target: x86_64-apple-darwin14.5.0
Thread model: posix
configure:3154: $? = 0
configure:3143: gcc -V >&5
clang: error: argument to '-V' is missing (expected 1 value)
clang: error: no input files
configure:3154: $? = 1
configure:3143: gcc -qversion >&5
clang: error: unknown argument: '-qversion'
clang: error: no input files
configure:3154: $? = 1
configure:3174: checking whether the C compiler works
configure:3196: gcc    conftest.c  >&5
configure:3200: $? = 0
configure:3248: result: yes
configure:3251: checking for C compiler default output file name
configure:3253: result: a.out
configure:3259: checking for suffix of executables
configure:3266: gcc -o conftest    conftest.c  >&5
configure:3270: $? = 0
configure:3292: result: 
configure:3314: checking whether we are cross compiling
configure:3322: gcc -o conftest    conftest.c  >&5
configure:3326: $? = 0
configure:3333: ./conftest
configure:3337: $? = 0
configure:3352: result: no
configure:3357: checking for suffix of object files
configure:3379: gcc -c   conftest.c >&5
configure:3383: $? = 0
configure:3404: result: o
configure:3408: checking whether we are using the GNU C compiler
configure:3427: gcc -c   conftest.c >&5
configure:3427: $? = 0
configure:3436: result: yes
configure:3445: checking whether gcc accepts -g
configure:3465: gcc -c -g  conftest.c >&5
configure:3465: $? = 0
configure:3506: result: yes
configure:3523: checking for gcc option to accept ISO C89
configure:3586: gcc  -c -g -O2  conftest.c >&5
configure:3586: $? = 0
configure:3599: result: none needed
configure:3624: checking whether gcc understands -c and -o together
configure:3646: gcc -c conftest.c -o conftest2.o
configure:3649: $? = 0
configure:3646: gcc -c conftest.c -o conftest2.o
configure:3649: $? = 0
configure:3661: result: yes
configure:3689: checking for style of include used by make
configure:3717: result: GNU
configure:3743: checking dependency style of gcc
configure:3854: result: gcc3
configure:3877: checking for latex
configure:3893: found /usr/local/texlive/2016/bin/x86_64-darwin/latex
configure:3904: result: latex
configure:3928: checking for pdflatex
configure:3944: found /usr/local/texlive/2016/bin/x86_64-darwin/pdflatex
configure:3955: result: pdflatex
configure:3979: checking for makeindex
configure:3995: found /usr/local/texlive/2016/bin/x86_64-darwin/makeindex
configure:4006: result: makeindex
configure:4030: checking for dvips
configure:4046: found /usr/local/texlive/2016/bin/x86_64-darwin/dvips
configure:4057: result: dvips
configure:4081: checking for texhash
configure:4097: found /usr/local/texlive/2016/bin/x86_64-darwin/texhash
configure:4108: result: texhash
configure:4132: checking for kpsewhich
configure:4148: found /usr/local/texlive/2016/bin/x86_64-darwin/kpsewhich
configure:4159: result: kpsewhich
configure:4184: checking how to run the C preprocessor
configure:4215: gcc -E  conftest.c
configure:4215: $? = 0
configure:4229: gcc -E  conftest.c
conftest.c:11:10: fatal error: 'ac_nonexistent.h' file not found
#include <ac_nonexistent.h>
         ^
1 error generated.
configure:4229: $? = 1
configure: failed program was:
| /* confdefs.h */
| #define PACKAGE_NAME "songs"
| #define PACKAGE_TARNAME "songs"
| #define PACKAGE_VERSION "2.18"
| #define PACKAGE_STRING "songs 2.18"
| #define PACKAGE_BUGREPORT ""
| #define PACKAGE_URL ""
| #define PACKAGE "songs"
| #define VERSION "2.18"
| /* end confdefs.h.  */
| #include <ac_nonexistent.h>
configure:4254: result: gcc -E
configure:4274: gcc -E  conftest.c
configure:4274: $? = 0
configure:4288: gcc -E  conftest.c
conftest.c:11:10: fatal error: 'ac_nonexistent.h' file not found
#include <ac_nonexistent.h>
         ^
1 error generated.
configure:4288: $? = 1
configure: failed program was:
| /* confdefs.h */
| #define PACKAGE_NAME "songs"
| #define PACKAGE_TARNAME "songs"
| #define PACKAGE_VERSION "2.18"
| #define PACKAGE_STRING "songs 2.18"
| #define PACKAGE_BUGREPORT ""
| #define PACKAGE_URL ""
| #define PACKAGE "songs"
| #define VERSION "2.18"
| /* end confdefs.h.  */
| #include <ac_nonexistent.h>
configure:4317: checking for grep that handles long lines and -e
configure:4375: result: /usr/bin/grep
configure:4380: checking for egrep
configure:4442: result: /usr/bin/grep -E
configure:4447: checking for ANSI C header files
configure:4467: gcc -c -g -O2  conftest.c >&5
configure:4467: $? = 0
configure:4540: gcc -o conftest -g -O2   conftest.c  >&5
configure:4540: $? = 0
configure:4540: ./conftest
configure:4540: $? = 0
configure:4551: result: yes
configure:4564: checking for sys/types.h
configure:4564: gcc -c -g -O2  conftest.c >&5
configure:4564: $? = 0
configure:4564: result: yes
configure:4564: checking for sys/stat.h
configure:4564: gcc -c -g -O2  conftest.c >&5
configure:4564: $? = 0
configure:4564: result: yes
configure:4564: checking for stdlib.h
configure:4564: gcc -c -g -O2  conftest.c >&5
configure:4564: $? = 0
configure:4564: result: yes
configure:4564: checking for string.h
configure:4564: gcc -c -g -O2  conftest.c >&5
configure:4564: $? = 0
configure:4564: result: yes
configure:4564: checking for memory.h
configure:4564: gcc -c -g -O2  conftest.c >&5
configure:4564: $? = 0
configure:4564: result: yes
configure:4564: checking for strings.h
configure:4564: gcc -c -g -O2  conftest.c >&5
configure:4564: $? = 0
configure:4564: result: yes
configure:4564: checking for inttypes.h
configure:4564: gcc -c -g -O2  conftest.c >&5
configure:4564: $? = 0
configure:4564: result: yes
configure:4564: checking for stdint.h
configure:4564: gcc -c -g -O2  conftest.c >&5
configure:4564: $? = 0
configure:4564: result: yes
configure:4564: checking for unistd.h
configure:4564: gcc -c -g -O2  conftest.c >&5
configure:4564: $? = 0
configure:4564: result: yes
configure:4579: checking dlfcn.h usability
configure:4579: gcc -c -g -O2  conftest.c >&5
configure:4579: $? = 0
configure:4579: result: yes
configure:4579: checking dlfcn.h presence
configure:4579: gcc -E  conftest.c
configure:4579: $? = 0
configure:4579: result: yes
configure:4579: checking for dlfcn.h
configure:4579: result: yes
configure:4579: checking locale.h usability
configure:4579: gcc -c -g -O2  conftest.c >&5
configure:4579: $? = 0
configure:4579: result: yes
configure:4579: checking locale.h presence
configure:4579: gcc -E  conftest.c
configure:4579: $? = 0
configure:4579: result: yes
configure:4579: checking for locale.h
configure:4579: result: yes
configure:4579: checking for stdint.h
configure:4579: result: yes
configure:4579: checking for stdlib.h
configure:4579: result: yes
configure:4579: checking stdio.h usability
configure:4579: gcc -c -g -O2  conftest.c >&5
configure:4579: $? = 0
configure:4579: result: yes
configure:4579: checking stdio.h presence
configure:4579: gcc -E  conftest.c
configure:4579: $? = 0
configure:4579: result: yes
configure:4579: checking for stdio.h
configure:4579: result: yes
configure:4579: checking for string.h
configure:4579: result: yes
configure:4579: checking wchar.h usability
configure:4579: gcc -c -g -O2  conftest.c >&5
configure:4579: $? = 0
configure:4579: result: yes
configure:4579: checking wchar.h presence
configure:4579: gcc -E  conftest.c
configure:4579: $? = 0
configure:4579: result: yes
configure:4579: checking for wchar.h
configure:4579: result: yes
configure:4579: checking wctype.h usability
configure:4579: gcc -c -g -O2  conftest.c >&5
configure:4579: $? = 0
configure:4579: result: yes
configure:4579: checking wctype.h presence
configure:4579: gcc -E  conftest.c
configure:4579: $? = 0
configure:4579: result: yes
configure:4579: checking for wctype.h
configure:4579: result: yes
configure:4579: checking windows.h usability
configure:4579: gcc -c -g -O2  conftest.c >&5
conftest.c:62:10: fatal error: 'windows.h' file not found
#include <windows.h>
         ^
1 error generated.
configure:4579: $? = 1
configure: failed program was:
| /* confdefs.h */
| #define PACKAGE_NAME "songs"
| #define PACKAGE_TARNAME "songs"
| #define PACKAGE_VERSION "2.18"
| #define PACKAGE_STRING "songs 2.18"
| #define PACKAGE_BUGREPORT ""
| #define PACKAGE_URL ""
| #define PACKAGE "songs"
| #define VERSION "2.18"
| #define STDC_HEADERS 1
| #define HAVE_SYS_TYPES_H 1
| #define HAVE_SYS_STAT_H 1
| #define HAVE_STDLIB_H 1
| #define HAVE_STRING_H 1
| #define HAVE_MEMORY_H 1
| #define HAVE_STRINGS_H 1
| #define HAVE_INTTYPES_H 1
| #define HAVE_STDINT_H 1
| #define HAVE_UNISTD_H 1
| #define HAVE_DLFCN_H 1
| #define HAVE_LOCALE_H 1
| #define HAVE_STDINT_H 1
| #define HAVE_STDLIB_H 1
| #define HAVE_STDIO_H 1
| #define HAVE_STRING_H 1
| #define HAVE_WCHAR_H 1
| #define HAVE_WCTYPE_H 1
| /* end confdefs.h.  */
| #include <stdio.h>
| #ifdef HAVE_SYS_TYPES_H
| # include <sys/types.h>
| #endif
| #ifdef HAVE_SYS_STAT_H
| # include <sys/stat.h>
| #endif
| #ifdef STDC_HEADERS
| # include <stdlib.h>
| # include <stddef.h>
| #else
| # ifdef HAVE_STDLIB_H
| #  include <stdlib.h>
| # endif
| #endif
| #ifdef HAVE_STRING_H
| # if !defined STDC_HEADERS && defined HAVE_MEMORY_H
| #  include <memory.h>
| # endif
| # include <string.h>
| #endif
| #ifdef HAVE_STRINGS_H
| # include <strings.h>
| #endif
| #ifdef HAVE_INTTYPES_H
| # include <inttypes.h>
| #endif
| #ifdef HAVE_STDINT_H
| # include <stdint.h>
| #endif
| #ifdef HAVE_UNISTD_H
| # include <unistd.h>
| #endif
| #include <windows.h>
configure:4579: result: no
configure:4579: checking windows.h presence
configure:4579: gcc -E  conftest.c
conftest.c:29:10: fatal error: 'windows.h' file not found
#include <windows.h>
         ^
1 error generated.
configure:4579: $? = 1
configure: failed program was:
| /* confdefs.h */
| #define PACKAGE_NAME "songs"
| #define PACKAGE_TARNAME "songs"
| #define PACKAGE_VERSION "2.18"
| #define PACKAGE_STRING "songs 2.18"
| #define PACKAGE_BUGREPORT ""
| #define PACKAGE_URL ""
| #define PACKAGE "songs"
| #define VERSION "2.18"
| #define STDC_HEADERS 1
| #define HAVE_SYS_TYPES_H 1
| #define HAVE_SYS_STAT_H 1
| #define HAVE_STDLIB_H 1
| #define HAVE_STRING_H 1
| #define HAVE_MEMORY_H 1
| #define HAVE_STRINGS_H 1
| #define HAVE_INTTYPES_H 1
| #define HAVE_STDINT_H 1
| #define HAVE_UNISTD_H 1
| #define HAVE_DLFCN_H 1
| #define HAVE_LOCALE_H 1
| #define HAVE_STDINT_H 1
| #define HAVE_STDLIB_H 1
| #define HAVE_STDIO_H 1
| #define HAVE_STRING_H 1
| #define HAVE_WCHAR_H 1
| #define HAVE_WCTYPE_H 1
| /* end confdefs.h.  */
| #include <windows.h>
configure:4579: result: no
configure:4579: checking for windows.h
configure:4579: result: no
configure:4589: checking for an ANSI C-conforming const
configure:4655: gcc -c -g -O2  conftest.c >&5
configure:4655: $? = 0
configure:4662: result: yes
configure:4670: checking for size_t
configure:4670: gcc -c -g -O2  conftest.c >&5
configure:4670: $? = 0
configure:4670: gcc -c -g -O2  conftest.c >&5
conftest.c:65:21: error: expected expression
if (sizeof ((size_t)))
                    ^
1 error generated.
configure:4670: $? = 1
configure: failed program was:
| /* confdefs.h */
| #define PACKAGE_NAME "songs"
| #define PACKAGE_TARNAME "songs"
| #define PACKAGE_VERSION "2.18"
| #define PACKAGE_STRING "songs 2.18"
| #define PACKAGE_BUGREPORT ""
| #define PACKAGE_URL ""
| #define PACKAGE "songs"
| #define VERSION "2.18"
| #define STDC_HEADERS 1
| #define HAVE_SYS_TYPES_H 1
| #define HAVE_SYS_STAT_H 1
| #define HAVE_STDLIB_H 1
| #define HAVE_STRING_H 1
| #define HAVE_MEMORY_H 1
| #define HAVE_STRINGS_H 1
| #define HAVE_INTTYPES_H 1
| #define HAVE_STDINT_H 1
| #define HAVE_UNISTD_H 1
| #define HAVE_DLFCN_H 1
| #define HAVE_LOCALE_H 1
| #define HAVE_STDINT_H 1
| #define HAVE_STDLIB_H 1
| #define HAVE_STDIO_H 1
| #define HAVE_STRING_H 1
| #define HAVE_WCHAR_H 1
| #define HAVE_WCTYPE_H 1
| /* end confdefs.h.  */
| #include <stdio.h>
| #ifdef HAVE_SYS_TYPES_H
| # include <sys/types.h>
| #endif
| #ifdef HAVE_SYS_STAT_H
| # include <sys/stat.h>
| #endif
| #ifdef STDC_HEADERS
| # include <stdlib.h>
| # include <stddef.h>
| #else
| # ifdef HAVE_STDLIB_H
| #  include <stdlib.h>
| # endif
| #endif
| #ifdef HAVE_STRING_H
| # if !defined STDC_HEADERS && defined HAVE_MEMORY_H
| #  include <memory.h>
| # endif
| # include <string.h>
| #endif
| #ifdef HAVE_STRINGS_H
| # include <strings.h>
| #endif
| #ifdef HAVE_INTTYPES_H
| # include <inttypes.h>
| #endif
| #ifdef HAVE_STDINT_H
| # include <stdint.h>
| #endif
| #ifdef HAVE_UNISTD_H
| # include <unistd.h>
| #endif
| int
| main ()
| {
| if (sizeof ((size_t)))
| 	    return 0;
|   ;
|   return 0;
| }
configure:4670: result: yes
configure:4683: checking for stdlib.h
configure:4683: result: yes
configure:4693: checking for GNU libc compatible realloc
configure:4717: gcc -o conftest -g -O2   conftest.c  >&5
configure:4717: $? = 0
configure:4717: ./conftest
configure:4717: $? = 0
configure:4727: result: yes
configure:4751: checking for setlocale
configure:4751: gcc -o conftest -g -O2   conftest.c  >&5
configure:4751: $? = 0
configure:4751: result: yes
configure:4751: checking for strrchr
configure:4751: gcc -o conftest -g -O2   conftest.c  >&5
conftest.c:55:6: warning: incompatible redeclaration of library function 'strrchr' [-Wincompatible-library-redeclaration]
char strrchr ();
     ^
conftest.c:55:6: note: 'strrchr' is a builtin with type 'char *(const char *, int)'
1 warning generated.
configure:4751: $? = 0
configure:4751: result: yes
configure:4760: checking for wchar_t
configure:4760: gcc -c -g -O2  conftest.c >&5
configure:4760: $? = 0
configure:4760: gcc -c -g -O2  conftest.c >&5
conftest.c:48:22: error: expected expression
if (sizeof ((wchar_t)))
                     ^
1 error generated.
configure:4760: $? = 1
configure: failed program was:
| /* confdefs.h */
| #define PACKAGE_NAME "songs"
| #define PACKAGE_TARNAME "songs"
| #define PACKAGE_VERSION "2.18"
| #define PACKAGE_STRING "songs 2.18"
| #define PACKAGE_BUGREPORT ""
| #define PACKAGE_URL ""
| #define PACKAGE "songs"
| #define VERSION "2.18"
| #define STDC_HEADERS 1
| #define HAVE_SYS_TYPES_H 1
| #define HAVE_SYS_STAT_H 1
| #define HAVE_STDLIB_H 1
| #define HAVE_STRING_H 1
| #define HAVE_MEMORY_H 1
| #define HAVE_STRINGS_H 1
| #define HAVE_INTTYPES_H 1
| #define HAVE_STDINT_H 1
| #define HAVE_UNISTD_H 1
| #define HAVE_DLFCN_H 1
| #define HAVE_LOCALE_H 1
| #define HAVE_STDINT_H 1
| #define HAVE_STDLIB_H 1
| #define HAVE_STDIO_H 1
| #define HAVE_STRING_H 1
| #define HAVE_WCHAR_H 1
| #define HAVE_WCTYPE_H 1
| #define HAVE_STDLIB_H 1
| #define HAVE_REALLOC 1
| #define HAVE_SETLOCALE 1
| #define HAVE_STRRCHR 1
| /* end confdefs.h.  */
| 
| #if HAVE_STDLIB_H
| #include <stdlib.h>
| #endif
| #if HAVE_WCHAR_H
| #include <wchar.h>
| #endif
| #if HAVE_WCTYPE_H
| #include <wctype.h>
| #endif
| 
| 
| int
| main ()
| {
| if (sizeof ((wchar_t)))
| 	    return 0;
|   ;
|   return 0;
| }
configure:4760: result: yes
configure:4781: checking for library containing dlopen
configure:4812: gcc -o conftest -g -O2   conftest.c  >&5
configure:4812: $? = 0
configure:4829: result: none required
configure:4961: checking that generated files are newer than configure
configure:4967: result: done
configure:4990: creating ./config.status

## ---------------------- ##
## Running config.status. ##
## ---------------------- ##

This file was extended by songs config.status 2.18, which was
generated by GNU Autoconf 2.69.  Invocation command line was

  CONFIG_FILES    = 
  CONFIG_HEADERS  = 
  CONFIG_LINKS    = 
  CONFIG_COMMANDS = 
  $ ./config.status 

on jamaaladeen-2

config.status:886: creating Makefile
config.status:886: creating src/songs/GNUmakefile
config.status:886: creating src/songidx/Makefile
config.status:886: creating sample/GNUmakefile
config.status:886: creating src/sbdchk/Makefile
config.status:886: creating src/vim/Makefile
config.status:886: creating src/config.h
config.status:1115: executing depfiles commands
config.status:1115: executing src/songs/songs.dtx commands
config.status:1115: executing sample/chordbook.tex commands
config.status:1115: executing sample/lyricbook.tex commands
config.status:1115: executing sample/slidebook.tex commands
config.status:1115: executing sample/transparencies.tex commands
config.status:1115: executing sample/songs.sbd commands

## ---------------- ##
## Cache variables. ##
## ---------------- ##

ac_cv_c_compiler_gnu=yes
ac_cv_c_const=yes
ac_cv_env_CC_set=
ac_cv_env_CC_value=
ac_cv_env_CFLAGS_set=
ac_cv_env_CFLAGS_value=
ac_cv_env_CPPFLAGS_set=
ac_cv_env_CPPFLAGS_value=
ac_cv_env_CPP_set=
ac_cv_env_CPP_value=
ac_cv_env_LDFLAGS_set=
ac_cv_env_LDFLAGS_value=
ac_cv_env_LIBS_set=
ac_cv_env_LIBS_value=
ac_cv_env_build_alias_set=
ac_cv_env_build_alias_value=
ac_cv_env_candir_set=
ac_cv_env_candir_value=
ac_cv_env_host_alias_set=
ac_cv_env_host_alias_value=
ac_cv_env_target_alias_set=
ac_cv_env_target_alias_value=
ac_cv_env_texmfdir_set=
ac_cv_env_texmfdir_value=
ac_cv_env_vimfilesdir_set=
ac_cv_env_vimfilesdir_value=
ac_cv_func_realloc_0_nonnull=yes
ac_cv_func_setlocale=yes
ac_cv_func_strrchr=yes
ac_cv_header_dlfcn_h=yes
ac_cv_header_inttypes_h=yes
ac_cv_header_locale_h=yes
ac_cv_header_memory_h=yes
ac_cv_header_stdc=yes
ac_cv_header_stdint_h=yes
ac_cv_header_stdio_h=yes
ac_cv_header_stdlib_h=yes
ac_cv_header_string_h=yes
ac_cv_header_strings_h=yes
ac_cv_header_sys_stat_h=yes
ac_cv_header_sys_types_h=yes
ac_cv_header_unistd_h=yes
ac_cv_header_wchar_h=yes
ac_cv_header_wctype_h=yes
ac_cv_header_windows_h=no
ac_cv_objext=o
ac_cv_path_EGREP='/usr/bin/grep -E'
ac_cv_path_GREP=/usr/bin/grep
ac_cv_path_install='/usr/bin/install -c'
ac_cv_prog_AWK=awk
ac_cv_prog_CPP='gcc -E'
ac_cv_prog_ac_ct_CC=gcc
ac_cv_prog_cc_c89=
ac_cv_prog_cc_g=yes
ac_cv_prog_dvips=dvips
ac_cv_prog_kpsewhich=kpsewhich
ac_cv_prog_latex=latex
ac_cv_prog_make_make_set=yes
ac_cv_prog_makeindex=makeindex
ac_cv_prog_pdflatex=pdflatex
ac_cv_prog_texhash=texhash
ac_cv_search_dlopen='none required'
ac_cv_type_size_t=yes
ac_cv_type_wchar_t=yes
am_cv_CC_dependencies_compiler_type=gcc3
am_cv_make_support_nested_variables=yes
am_cv_prog_cc_c_o=yes

## ----------------- ##
## Output variables. ##
## ----------------- ##

ACLOCAL='${SHELL} /Users/mikekilmer/Documents/Vault/Hymnal/VolTwo/songs-2.18/missing aclocal-1.15'
AMDEPBACKSLASH='\'
AMDEP_FALSE='#'
AMDEP_TRUE=''
AMTAR='$${TAR-tar}'
AM_BACKSLASH='\'
AM_DEFAULT_V='$(AM_DEFAULT_VERBOSITY)'
AM_DEFAULT_VERBOSITY='1'
AM_V='$(V)'
AUTOCONF='${SHELL} /Users/mikekilmer/Documents/Vault/Hymnal/VolTwo/songs-2.18/missing autoconf'
AUTOHEADER='${SHELL} /Users/mikekilmer/Documents/Vault/Hymnal/VolTwo/songs-2.18/missing autoheader'
AUTOMAKE='${SHELL} /Users/mikekilmer/Documents/Vault/Hymnal/VolTwo/songs-2.18/missing automake-1.15'
AWK='awk'
CC='gcc'
CCDEPMODE='depmode=gcc3'
CFLAGS='-g -O2'
CPP='gcc -E'
CPPFLAGS=''
CYGPATH_W='echo'
DEFS='-DHAVE_CONFIG_H'
DEPDIR='.deps'
ECHO_C='\c'
ECHO_N=''
ECHO_T=''
EGREP='/usr/bin/grep -E'
EXEEXT=''
GREP='/usr/bin/grep'
INSTALL_DATA='${INSTALL} -m 644'
INSTALL_PROGRAM='${INSTALL}'
INSTALL_SCRIPT='${INSTALL}'
INSTALL_STRIP_PROGRAM='$(install_sh) -c -s'
LDFLAGS=''
LIBOBJS=''
LIBS=''
LTLIBOBJS=''
MAKEINFO='${SHELL} /Users/mikekilmer/Documents/Vault/Hymnal/VolTwo/songs-2.18/missing makeinfo'
MKDIR_P='./install-sh -c -d'
OBJEXT='o'
PACKAGE='songs'
PACKAGE_BUGREPORT=''
PACKAGE_NAME='songs'
PACKAGE_STRING='songs 2.18'
PACKAGE_TARNAME='songs'
PACKAGE_URL=''
PACKAGE_VERSION='2.18'
PATH_SEPARATOR=':'
SET_MAKE=''
SHELL='/bin/sh'
STRIP=''
VERSION='2.18'
ac_ct_CC='gcc'
am__EXEEXT_FALSE=''
am__EXEEXT_TRUE='#'
am__fastdepCC_FALSE='#'
am__fastdepCC_TRUE=''
am__include='include'
am__isrc=''
am__leading_dot='.'
am__nodep='_no'
am__quote=''
am__tar='$${TAR-tar} chof - "$$tardir"'
am__untar='$${TAR-tar} xf -'
bindir='${exec_prefix}/bin'
build_alias=''
candir='${datarootdir}/songs'
datadir='${datarootdir}'
datarootdir='${prefix}/share'
docdir='${datarootdir}/doc/${PACKAGE_TARNAME}'
dvidir='${docdir}'
dvips='dvips'
exec_prefix='${prefix}'
host_alias=''
htmldir='${docdir}'
includedir='${prefix}/include'
infodir='${datarootdir}/info'
install_sh='${SHELL} /Users/mikekilmer/Documents/Vault/Hymnal/VolTwo/songs-2.18/install-sh'
kpsewhich='kpsewhich'
latex='latex'
libdir='${exec_prefix}/lib'
libexecdir='${exec_prefix}/libexec'
localedir='${datarootdir}/locale'
localstatedir='${prefix}/var'
makeindex='makeindex'
mandir='${datarootdir}/man'
mkdir_p='$(MKDIR_P)'
oldincludedir='/usr/include'
pdfdir='${docdir}'
pdflatex='pdflatex'
prefix='/usr/local'
program_transform_name='s,x,x,'
psdir='${docdir}'
sbindir='${exec_prefix}/sbin'
sharedstatedir='${prefix}/com'
sysconfdir='${prefix}/etc'
target_alias=''
texhash='texhash'
texmfdir='${datarootdir}/texmf'
vimfilesdir='${datarootdir}/vimfiles'

## ----------- ##
## confdefs.h. ##
## ----------- ##

/* confdefs.h */
#define PACKAGE_NAME "songs"
#define PACKAGE_TARNAME "songs"
#define PACKAGE_VERSION "2.18"
#define PACKAGE_STRING "songs 2.18"
#define PACKAGE_BUGREPORT ""
#define PACKAGE_URL ""
#define PACKAGE "songs"
#define VERSION "2.18"
#define STDC_HEADERS 1
#define HAVE_SYS_TYPES_H 1
#define HAVE_SYS_STAT_H 1
#define HAVE_STDLIB_H 1
#define HAVE_STRING_H 1
#define HAVE_MEMORY_H 1
#define HAVE_STRINGS_H 1
#define HAVE_INTTYPES_H 1
#define HAVE_STDINT_H 1
#define HAVE_UNISTD_H 1
#define HAVE_DLFCN_H 1
#define HAVE_LOCALE_H 1
#define HAVE_STDINT_H 1
#define HAVE_STDLIB_H 1
#define HAVE_STDIO_H 1
#define HAVE_STRING_H 1
#define HAVE_WCHAR_H 1
#define HAVE_WCTYPE_H 1
#define HAVE_STDLIB_H 1
#define HAVE_REALLOC 1
#define HAVE_SETLOCALE 1
#define HAVE_STRRCHR 1
#define HAVE_WCHAR_T 1
#define HAVE_DLOPEN 1

configure: exit 0
